# JRE version: Java(TM) SE Runtime Environment (8.0_91-b15) (build 1.8.0_91-b15)
# Java VM: Java HotSpot(TM) 64-Bit Server VM (25.91-b15 mixed mode windows-amd64 compressed oops)
Heap:
 PSYoungGen      total 71680K, used 62910K [0x00000000d5d00000, 0x00000000da800000, 0x0000000100000000)
  eden space 66560K, 91% used [0x00000000d5d00000,0x00000000d988fa68,0x00000000d9e00000)
  from space 5120K, 37% used [0x00000000d9e00000,0x00000000d9fe0000,0x00000000da300000)
  to   space 5120K, 0% used [0x00000000da300000,0x00000000da300000,0x00000000da800000)
 ParOldGen       total 45056K, used 18477K [0x0000000081600000, 0x0000000084200000, 0x00000000d5d00000)
  object space 45056K, 41% used [0x0000000081600000,0x000000008280b5f8,0x0000000084200000)
 Metaspace       used 42549K, capacity 44602K, committed 44800K, reserved 1091584K
  class space    used 5663K, capacity 6045K, committed 6144K, reserved 1048576K
GC Heap History (10 events):
Event: 17.420 GC heap before
{Heap before GC invocations=13 (full 1):
 PSYoungGen      total 71680K, used 33462K [0x00000000d5d00000, 0x00000000da800000, 0x0000000100000000)
  eden space 66560K, 44% used [0x00000000d5d00000,0x00000000d7a00770,0x00000000d9e00000)
  from space 5120K, 73% used [0x00000000d9e00000,0x00000000da1ad418,0x00000000da300000)
  to   space 5120K, 0% used [0x00000000da300000,0x00000000da300000,0x00000000da800000)
 ParOldGen       total 45056K, used 14476K [0x0000000081600000, 0x0000000084200000, 0x00000000d5d00000)
  object space 45056K, 32% used [0x0000000081600000,0x0000000082423098,0x0000000084200000)
 Metaspace       used 33625K, capacity 35312K, committed 35456K, reserved 1079296K
  class space    used 4539K, capacity 4870K, committed 4992K, reserved 1048576K
Event: 17.425 GC heap after
Heap after GC invocations=13 (full 1):
 PSYoungGen      total 71680K, used 2141K [0x00000000d5d00000, 0x00000000da800000, 0x0000000100000000)
  eden space 66560K, 0% used [0x00000000d5d00000,0x00000000d5d00000,0x00000000d9e00000)
  from space 5120K, 41% used [0x00000000da300000,0x00000000da517428,0x00000000da800000)
  to   space 5120K, 0% used [0x00000000d9e00000,0x00000000d9e00000,0x00000000da300000)
 ParOldGen       total 45056K, used 15937K [0x0000000081600000, 0x0000000084200000, 0x00000000d5d00000)
  object space 45056K, 35% used [0x0000000081600000,0x0000000082590608,0x0000000084200000)
 Metaspace       used 33625K, capacity 35312K, committed 35456K, reserved 1079296K
  class space    used 4539K, capacity 4870K, committed 4992K, reserved 1048576K
}
Event: 17.425 GC heap before
{Heap before GC invocations=14 (full 2):
 PSYoungGen      total 71680K, used 2141K [0x00000000d5d00000, 0x00000000da800000, 0x0000000100000000)
  eden space 66560K, 0% used [0x00000000d5d00000,0x00000000d5d00000,0x00000000d9e00000)
  from space 5120K, 41% used [0x00000000da300000,0x00000000da517428,0x00000000da800000)
  to   space 5120K, 0% used [0x00000000d9e00000,0x00000000d9e00000,0x00000000da300000)
 ParOldGen       total 45056K, used 15937K [0x0000000081600000, 0x0000000084200000, 0x00000000d5d00000)
  object space 45056K, 35% used [0x0000000081600000,0x0000000082590608,0x0000000084200000)
 Metaspace       used 33625K, capacity 35312K, committed 35456K, reserved 1079296K
  class space    used 4539K, capacity 4870K, committed 4992K, reserved 1048576K
Event: 17.548 GC heap after
Heap after GC invocations=14 (full 2):
 PSYoungGen      total 71680K, used 0K [0x00000000d5d00000, 0x00000000da800000, 0x0000000100000000)
  eden space 66560K, 0% used [0x00000000d5d00000,0x00000000d5d00000,0x00000000d9e00000)
  from space 5120K, 0% used [0x00000000da300000,0x00000000da300000,0x00000000da800000)
  to   space 5120K, 0% used [0x00000000d9e00000,0x00000000d9e00000,0x00000000da300000)
 ParOldGen       total 45056K, used 14480K [0x0000000081600000, 0x0000000084200000, 0x00000000d5d00000)
  object space 45056K, 32% used [0x0000000081600000,0x0000000082424140,0x0000000084200000)
 Metaspace       used 33625K, capacity 35312K, committed 35456K, reserved 1079296K
  class space    used 4539K, capacity 4870K, committed 4992K, reserved 1048576K
}
Event: 18.233 GC heap before
{Heap before GC invocations=15 (full 2):
 PSYoungGen      total 71680K, used 66560K [0x00000000d5d00000, 0x00000000da800000, 0x0000000100000000)
  eden space 66560K, 100% used [0x00000000d5d00000,0x00000000d9e00000,0x00000000d9e00000)
  from space 5120K, 0% used [0x00000000da300000,0x00000000da300000,0x00000000da800000)
  to   space 5120K, 0% used [0x00000000d9e00000,0x00000000d9e00000,0x00000000da300000)
 ParOldGen       total 45056K, used 14480K [0x0000000081600000, 0x0000000084200000, 0x00000000d5d00000)
  object space 45056K, 32% used [0x0000000081600000,0x0000000082424140,0x0000000084200000)
 Metaspace       used 38413K, capacity 40176K, committed 40320K, reserved 1085440K
  class space    used 5098K, capacity 5432K, committed 5504K, reserved 1048576K
Event: 18.239 GC heap after
Heap after GC invocations=15 (full 2):
 PSYoungGen      total 71680K, used 4421K [0x00000000d5d00000, 0x00000000da800000, 0x0000000100000000)
  eden space 66560K, 0% used [0x00000000d5d00000,0x00000000d5d00000,0x00000000d9e00000)
  from space 5120K, 86% used [0x00000000d9e00000,0x00000000da2517e8,0x00000000da300000)
  to   space 5120K, 0% used [0x00000000da300000,0x00000000da300000,0x00000000da800000)
 ParOldGen       total 45056K, used 14552K [0x0000000081600000, 0x0000000084200000, 0x00000000d5d00000)
  object space 45056K, 32% used [0x0000000081600000,0x0000000082436150,0x0000000084200000)
 Metaspace       used 38413K, capacity 40176K, committed 40320K, reserved 1085440K
  class space    used 5098K, capacity 5432K, committed 5504K, reserved 1048576K
}
Event: 18.471 GC heap before
{Heap before GC invocations=16 (full 2):
 PSYoungGen      total 71680K, used 70970K [0x00000000d5d00000, 0x00000000da800000, 0x0000000100000000)
  eden space 66560K, 99% used [0x00000000d5d00000,0x00000000d9dfd350,0x00000000d9e00000)
  from space 5120K, 86% used [0x00000000d9e00000,0x00000000da2517e8,0x00000000da300000)
  to   space 5120K, 0% used [0x00000000da300000,0x00000000da300000,0x00000000da800000)
 ParOldGen       total 45056K, used 14552K [0x0000000081600000, 0x0000000084200000, 0x00000000d5d00000)
  object space 45056K, 32% used [0x0000000081600000,0x0000000082436150,0x0000000084200000)
 Metaspace       used 38713K, capacity 40546K, committed 40832K, reserved 1085440K
  class space    used 5122K, capacity 5467K, committed 5504K, reserved 1048576K
Event: 18.478 GC heap after
Heap after GC invocations=16 (full 2):
 PSYoungGen      total 71680K, used 1763K [0x00000000d5d00000, 0x00000000da800000, 0x0000000100000000)
  eden space 66560K, 0% used [0x00000000d5d00000,0x00000000d5d00000,0x00000000d9e00000)
  from space 5120K, 34% used [0x00000000da300000,0x00000000da4b8d58,0x00000000da800000)
  to   space 5120K, 0% used [0x00000000d9e00000,0x00000000d9e00000,0x00000000da300000)
 ParOldGen       total 45056K, used 16981K [0x0000000081600000, 0x0000000084200000, 0x00000000d5d00000)
  object space 45056K, 37% used [0x0000000081600000,0x00000000826955f8,0x0000000084200000)
 Metaspace       used 38713K, capacity 40546K, committed 40832K, reserved 1085440K
  class space    used 5122K, capacity 5467K, committed 5504K, reserved 1048576K
}
Event: 18.630 GC heap before
{Heap before GC invocations=17 (full 2):
 PSYoungGen      total 71680K, used 68323K [0x00000000d5d00000, 0x00000000da800000, 0x0000000100000000)
  eden space 66560K, 100% used [0x00000000d5d00000,0x00000000d9e00000,0x00000000d9e00000)
  from space 5120K, 34% used [0x00000000da300000,0x00000000da4b8d58,0x00000000da800000)
  to   space 5120K, 0% used [0x00000000d9e00000,0x00000000d9e00000,0x00000000da300000)
 ParOldGen       total 45056K, used 16981K [0x0000000081600000, 0x0000000084200000, 0x00000000d5d00000)
  object space 45056K, 37% used [0x0000000081600000,0x00000000826955f8,0x0000000084200000)
 Metaspace       used 38874K, capacity 40710K, committed 40832K, reserved 1085440K
  class space    used 5139K, capacity 5473K, committed 5504K, reserved 1048576K
Event: 18.635 GC heap after
Heap after GC invocations=17 (full 2):
 PSYoungGen      total 71680K, used 1920K [0x00000000d5d00000, 0x00000000da800000, 0x0000000100000000)
  eden space 66560K, 0% used [0x00000000d5d00000,0x00000000d5d00000,0x00000000d9e00000)
  from space 5120K, 37% used [0x00000000d9e00000,0x00000000d9fe0000,0x00000000da300000)
  to   space 5120K, 0% used [0x00000000da300000,0x00000000da300000,0x00000000da800000)
 ParOldGen       total 45056K, used 18477K [0x0000000081600000, 0x0000000084200000, 0x00000000d5d00000)
  object space 45056K, 41% used [0x0000000081600000,0x000000008280b5f8,0x0000000084200000)
 Metaspace       used 38874K, capacity 40710K, committed 40832K, reserved 1085440K
  class space    used 5139K, capacity 5473K, committed 5504K, reserved 1048576K
}

