# JRE version: Java(TM) SE Runtime Environment (8.0_91-b15) (build 1.8.0_91-b15)
# Java VM: Java HotSpot(TM) 64-Bit Server VM (25.91-b15 mixed mode windows-amd64 compressed oops)
Heap:
 PSYoungGen      total 71680K, used 16939K [0x00000000d5d00000, 0x00000000da800000, 0x0000000100000000)
  eden space 66560K, 17% used [0x00000000d5d00000,0x00000000d688f8c8,0x00000000d9e00000)
  from space 5120K, 99% used [0x00000000da300000,0x00000000da7fb360,0x00000000da800000)
  to   space 5120K, 0% used [0x00000000d9e00000,0x00000000d9e00000,0x00000000da300000)
 ParOldGen       total 47104K, used 21024K [0x0000000081600000, 0x0000000084400000, 0x00000000d5d00000)
  object space 47104K, 44% used [0x0000000081600000,0x0000000082a88068,0x0000000084400000)
 Metaspace       used 43374K, capacity 45446K, committed 45696K, reserved 1091584K
  class space    used 5780K, capacity 6150K, committed 6272K, reserved 1048576K
GC Heap History (10 events):
Event: 18.173 GC heap before
{Heap before GC invocations=14 (full 2):
 PSYoungGen      total 71680K, used 2054K [0x00000000d5d00000, 0x00000000da800000, 0x0000000100000000)
  eden space 66560K, 0% used [0x00000000d5d00000,0x00000000d5d00000,0x00000000d9e00000)
  from space 5120K, 40% used [0x00000000da300000,0x00000000da501828,0x00000000da800000)
  to   space 5120K, 0% used [0x00000000d9e00000,0x00000000d9e00000,0x00000000da300000)
 ParOldGen       total 47104K, used 15880K [0x0000000081600000, 0x0000000084400000, 0x00000000d5d00000)
  object space 47104K, 33% used [0x0000000081600000,0x0000000082582320,0x0000000084400000)
 Metaspace       used 33516K, capacity 35304K, committed 35456K, reserved 1079296K
  class space    used 4525K, capacity 4880K, committed 4992K, reserved 1048576K
Event: 18.290 GC heap after
Heap after GC invocations=14 (full 2):
 PSYoungGen      total 71680K, used 0K [0x00000000d5d00000, 0x00000000da800000, 0x0000000100000000)
  eden space 66560K, 0% used [0x00000000d5d00000,0x00000000d5d00000,0x00000000d9e00000)
  from space 5120K, 0% used [0x00000000da300000,0x00000000da300000,0x00000000da800000)
  to   space 5120K, 0% used [0x00000000d9e00000,0x00000000d9e00000,0x00000000da300000)
 ParOldGen       total 47104K, used 14353K [0x0000000081600000, 0x0000000084400000, 0x00000000d5d00000)
  object space 47104K, 30% used [0x0000000081600000,0x00000000824044f8,0x0000000084400000)
 Metaspace       used 33516K, capacity 35304K, committed 35456K, reserved 1079296K
  class space    used 4525K, capacity 4880K, committed 4992K, reserved 1048576K
}
Event: 18.923 GC heap before
{Heap before GC invocations=15 (full 2):
 PSYoungGen      total 71680K, used 66560K [0x00000000d5d00000, 0x00000000da800000, 0x0000000100000000)
  eden space 66560K, 100% used [0x00000000d5d00000,0x00000000d9e00000,0x00000000d9e00000)
  from space 5120K, 0% used [0x00000000da300000,0x00000000da300000,0x00000000da800000)
  to   space 5120K, 0% used [0x00000000d9e00000,0x00000000d9e00000,0x00000000da300000)
 ParOldGen       total 47104K, used 14353K [0x0000000081600000, 0x0000000084400000, 0x00000000d5d00000)
  object space 47104K, 30% used [0x0000000081600000,0x00000000824044f8,0x0000000084400000)
 Metaspace       used 38403K, capacity 40172K, committed 40320K, reserved 1083392K
  class space    used 5096K, capacity 5432K, committed 5504K, reserved 1048576K
Event: 18.929 GC heap after
Heap after GC invocations=15 (full 2):
 PSYoungGen      total 71680K, used 4511K [0x00000000d5d00000, 0x00000000da800000, 0x0000000100000000)
  eden space 66560K, 0% used [0x00000000d5d00000,0x00000000d5d00000,0x00000000d9e00000)
  from space 5120K, 88% used [0x00000000d9e00000,0x00000000da267f30,0x00000000da300000)
  to   space 5120K, 0% used [0x00000000da300000,0x00000000da300000,0x00000000da800000)
 ParOldGen       total 47104K, used 14425K [0x0000000081600000, 0x0000000084400000, 0x00000000d5d00000)
  object space 47104K, 30% used [0x0000000081600000,0x0000000082416508,0x0000000084400000)
 Metaspace       used 38403K, capacity 40172K, committed 40320K, reserved 1083392K
  class space    used 5096K, capacity 5432K, committed 5504K, reserved 1048576K
}
Event: 19.161 GC heap before
{Heap before GC invocations=16 (full 2):
 PSYoungGen      total 71680K, used 71071K [0x00000000d5d00000, 0x00000000da800000, 0x0000000100000000)
  eden space 66560K, 100% used [0x00000000d5d00000,0x00000000d9e00000,0x00000000d9e00000)
  from space 5120K, 88% used [0x00000000d9e00000,0x00000000da267f30,0x00000000da300000)
  to   space 5120K, 0% used [0x00000000da300000,0x00000000da300000,0x00000000da800000)
 ParOldGen       total 47104K, used 14425K [0x0000000081600000, 0x0000000084400000, 0x00000000d5d00000)
  object space 47104K, 30% used [0x0000000081600000,0x0000000082416508,0x0000000084400000)
 Metaspace       used 38717K, capacity 40542K, committed 40832K, reserved 1085440K
  class space    used 5122K, capacity 5467K, committed 5504K, reserved 1048576K
Event: 19.167 GC heap after
Heap after GC invocations=16 (full 2):
 PSYoungGen      total 71680K, used 1872K [0x00000000d5d00000, 0x00000000da800000, 0x0000000100000000)
  eden space 66560K, 0% used [0x00000000d5d00000,0x00000000d5d00000,0x00000000d9e00000)
  from space 5120K, 36% used [0x00000000da300000,0x00000000da4d4070,0x00000000da800000)
  to   space 5120K, 0% used [0x00000000d9e00000,0x00000000d9e00000,0x00000000da300000)
 ParOldGen       total 47104K, used 16834K [0x0000000081600000, 0x0000000084400000, 0x00000000d5d00000)
  object space 47104K, 35% used [0x0000000081600000,0x00000000826709a0,0x0000000084400000)
 Metaspace       used 38717K, capacity 40542K, committed 40832K, reserved 1085440K
  class space    used 5122K, capacity 5467K, committed 5504K, reserved 1048576K
}
Event: 19.367 GC heap before
{Heap before GC invocations=17 (full 2):
 PSYoungGen      total 71680K, used 68432K [0x00000000d5d00000, 0x00000000da800000, 0x0000000100000000)
  eden space 66560K, 100% used [0x00000000d5d00000,0x00000000d9e00000,0x00000000d9e00000)
  from space 5120K, 36% used [0x00000000da300000,0x00000000da4d4070,0x00000000da800000)
  to   space 5120K, 0% used [0x00000000d9e00000,0x00000000d9e00000,0x00000000da300000)
 ParOldGen       total 47104K, used 16834K [0x0000000081600000, 0x0000000084400000, 0x00000000d5d00000)
  object space 47104K, 35% used [0x0000000081600000,0x00000000826709a0,0x0000000084400000)
 Metaspace       used 38883K, capacity 40706K, committed 40832K, reserved 1085440K
  class space    used 5139K, capacity 5473K, committed 5504K, reserved 1048576K
Event: 19.372 GC heap after
Heap after GC invocations=17 (full 2):
 PSYoungGen      total 71680K, used 2016K [0x00000000d5d00000, 0x00000000da800000, 0x0000000100000000)
  eden space 66560K, 0% used [0x00000000d5d00000,0x00000000d5d00000,0x00000000d9e00000)
  from space 5120K, 39% used [0x00000000d9e00000,0x00000000d9ff8050,0x00000000da300000)
  to   space 5120K, 0% used [0x00000000da300000,0x00000000da300000,0x00000000da800000)
 ParOldGen       total 47104K, used 18322K [0x0000000081600000, 0x0000000084400000, 0x00000000d5d00000)
  object space 47104K, 38% used [0x0000000081600000,0x00000000827e49a0,0x0000000084400000)
 Metaspace       used 38883K, capacity 40706K, committed 40832K, reserved 1085440K
  class space    used 5139K, capacity 5473K, committed 5504K, reserved 1048576K
}
Event: 20.284 GC heap before
{Heap before GC invocations=18 (full 2):
 PSYoungGen      total 71680K, used 68576K [0x00000000d5d00000, 0x00000000da800000, 0x0000000100000000)
  eden space 66560K, 100% used [0x00000000d5d00000,0x00000000d9e00000,0x00000000d9e00000)
  from space 5120K, 39% used [0x00000000d9e00000,0x00000000d9ff8050,0x00000000da300000)
  to   space 5120K, 0% used [0x00000000da300000,0x00000000da300000,0x00000000da800000)
 ParOldGen       total 47104K, used 18322K [0x0000000081600000, 0x0000000084400000, 0x00000000d5d00000)
  object space 47104K, 38% used [0x0000000081600000,0x00000000827e49a0,0x0000000084400000)
 Metaspace       used 42781K, capacity 44864K, committed 45056K, reserved 1087488K
  class space    used 5691K, capacity 6085K, committed 6144K, reserved 1048576K
Event: 20.299 GC heap after
Heap after GC invocations=18 (full 2):
 PSYoungGen      total 71680K, used 5100K [0x00000000d5d00000, 0x00000000da800000, 0x0000000100000000)
  eden space 66560K, 0% used [0x00000000d5d00000,0x00000000d5d00000,0x00000000d9e00000)
  from space 5120K, 99% used [0x00000000da300000,0x00000000da7fb360,0x00000000da800000)
  to   space 5120K, 0% used [0x00000000d9e00000,0x00000000d9e00000,0x00000000da300000)
 ParOldGen       total 47104K, used 21024K [0x0000000081600000, 0x0000000084400000, 0x00000000d5d00000)
  object space 47104K, 44% used [0x0000000081600000,0x0000000082a88068,0x0000000084400000)
 Metaspace       used 42781K, capacity 44864K, committed 45056K, reserved 1087488K
  class space    used 5691K, capacity 6085K, committed 6144K, reserved 1048576K
}

